<?xml version="1.0" encoding="UTF-8"?><testsuite errors="2" failures="0" name="Login" skipped="0" tests="2" time="4.71" timestamp="2019-03-22 08:35:35"><testcase name="User supplies correct username and password"><error type="java.lang.ExceptionInInitializerError"/><system-err>null
net.serenitybdd.rest.utils.RestDecorationHelper.decorate(RestDecorationHelper.java:20)
net.serenitybdd.rest.SerenityRest.given(SerenityRest.java:216)
test.login.LoginSteps.loginSuccess(LoginSteps.java:20)
test.login.Login.whenIEnterMyUserNameAndPasswordCorrectly(Login.java:20)
java.base/jdk.internal.reflect.NativeMethodAccessorImpl.invoke0(Native Method)
java.base/jdk.internal.reflect.NativeMethodAccessorImpl.invoke(NativeMethodAccessorImpl.java:62)
java.base/jdk.internal.reflect.DelegatingMethodAccessorImpl.invoke(DelegatingMethodAccessorImpl.java:43)
</system-err></testcase><testcase name="User does NOT supply correct username and password"><error message="Could not initialize class net.serenitybdd.rest.utils.RestSpecificationFactory" type="java.lang.NoClassDefFoundError">Could not initialize class net.serenitybdd.rest.utils.RestSpecificationFactory</error><system-err>Could not initialize class net.serenitybdd.rest.utils.RestSpecificationFactory
net.serenitybdd.rest.utils.RestDecorationHelper.decorate(RestDecorationHelper.java:20)
net.serenitybdd.rest.SerenityRest.given(SerenityRest.java:216)
test.login.LoginSteps.loginFailed(LoginSteps.java:37)
test.login.Login.whenIEnterMyUserNameAndPasswordIncorrectly(Login.java:32)
java.base/jdk.internal.reflect.NativeMethodAccessorImpl.invoke0(Native Method)
java.base/jdk.internal.reflect.NativeMethodAccessorImpl.invoke(NativeMethodAccessorImpl.java:62)
java.base/jdk.internal.reflect.DelegatingMethodAccessorImpl.invoke(DelegatingMethodAccessorImpl.java:43)
</system-err></testcase></testsuite>