<?xml version="1.0" encoding="UTF-8"?>
<testsuite name="Test.Login" time="76.977" tests="16" errors="1" skipped="1" failures="0">
  <properties>
[...]
</properties>
  <testcase name="BeforeStories" classname="java.lang.Object" time="0.002"/>
  <testcase name="Given I open linkedin login page" classname="Test.Login" time="5.563"/>
  <testcase name="When I input email and password v_manaf@yahoo․co․id dan FSAI11890cv4048" classname="Test.Login" time="0.232"/>
  <testcase name="When I click button sign in" classname="Test.Login" time="9.331"/>
  <testcase name="[PENDING] Then I got to my news feed" classname="[PENDING] Then I got to my news feed" time="0">
    <skipped/>
    <system-out><![CDATA[
Then I got to my news feed

Meta: @Login Failed (PENDING)
]]></system-out>
  </testcase>
  <testcase name="Scenario: Scenario login success" classname="Scenario: Scenario login success" time="9.466"/>
  <testcase name="Given I open linkedin login page​" classname="Test.Login" time="4.826"/>
  <testcase name="When I input email and password v_manaf@yahoo․co․id dan 103214000" classname="Test.Login" time="0.171"/>
  <testcase name="When I click button sign in​" classname="Test.Login" time="0.628"/>
  <testcase name="Then I got to show error message" classname="Test.Login" time="0.129"/>
  <testcase name="Scenario: Scenario login failed" classname="Scenario: Scenario login failed" time="0.181"/>
  <testcase name="Given I open linkedin login page​​" classname="Test.Login" time="5.005"/>
  <testcase name="When I input email and password v_manaf@yahoo․com dan 103214000" classname="Test.Login" time="0.235"/>
  <testcase name="When I click button sign in​​" classname="Test.Login" time="0.956"/>
  <testcase name="Then I got to notification as human" classname="Test.Login" time="40.249">
    <error message="Element should be visible" type="net.serenitybdd.core.exceptions.SerenityManagedException"><![CDATA[net.serenitybdd.core.exceptions.SerenityManagedException: Element should be visible
	at net.serenitybdd.core.pages.WebElementFacadeImpl.failWithMessage(WebElementFacadeImpl.java:864)
	at net.serenitybdd.core.pages.WebElementFacadeImpl.shouldBeVisible(WebElementFacadeImpl.java:446)
	at Pages.LinkedinFeed.NotificationAsHuman(LinkedinFeed.java:37)
	at Steps.LoginSteps.ShouldLoginFailNotification(LoginSteps.java:40)
	at Steps.LoginSteps$$EnhancerByCGLIB$$c649809b.CGLIB$ShouldLoginFailNotification$6(<generated>)
	at Steps.LoginSteps$$EnhancerByCGLIB$$c649809b$$FastClassByCGLIB$$d5a3323a.invoke(<generated>)
	at net.sf.cglib.proxy.MethodProxy.invokeSuper(MethodProxy.java:228)
	at net.thucydides.core.steps.BaseMethodRunner.invokeMethod(BaseMethodRunner.java:10)
	at net.thucydides.core.steps.NormalMethodRunner.invokeMethodAndNotifyFailures(NormalMethodRunner.java:20)
	at net.thucydides.core.steps.StepInterceptor.runNormalMethod(StepInterceptor.java:390)
	at net.thucydides.core.steps.StepInterceptor.testStepResult(StepInterceptor.java:161)
	at net.thucydides.core.steps.StepInterceptor.intercept(StepInterceptor.java:72)
	at Steps.LoginSteps$$EnhancerByCGLIB$$c649809b.ShouldLoginFailNotification(<generated>)
	at Test.Login.NotificationHuman(Login.java:44)
]]></error>
    <system-out><![CDATA[



Then I got to notification as human (FAILED)
(net.serenitybdd.core.exceptions.SerenityManagedException: Element should be visible)
]]></system-out>
    <system-err><![CDATA[1553615090599	addons.productaddons	INFO	Updates are disabled via media.gmp-manager.updateEnabled
console.error: BroadcastService: 
  receivedBroadcastMessage: handler for
  remote-settings/monitor_changes
  threw error:
  Message: Error: Polling for changes failed: NetworkError when attempting to fetch resource..
  Stack:
    remoteSettingsFunction/remoteSettings.pollChanges@resource://services-settings/remote-settings.js:190:13

]]></system-err>
  </testcase>
  <testcase name="AfterStories" classname="java.lang.Object" time="0.003"/>
</testsuite>