-------------------------------------------------------------------------------
Test set: Test.Login
-------------------------------------------------------------------------------
Tests run: 16, Failures: 0, Errors: 1, Skipped: 1, Time elapsed: 73.837 sec <<< FAILURE! - in Test.Login
Then I got to notification as human(Test.Login)  Time elapsed: 40.249 sec  <<< ERROR!
net.serenitybdd.core.exceptions.SerenityManagedException: Element should be visible
	at net.serenitybdd.core.pages.WebElementFacadeImpl.failWithMessage(WebElementFacadeImpl.java:864)
	at net.serenitybdd.core.pages.WebElementFacadeImpl.shouldBeVisible(WebElementFacadeImpl.java:446)
	at Pages.LinkedinFeed.NotificationAsHuman(LinkedinFeed.java:37)
	at Steps.LoginSteps.ShouldLoginFailNotification(LoginSteps.java:40)
	at Steps.LoginSteps$$EnhancerByCGLIB$$c649809b.CGLIB$ShouldLoginFailNotification$6(<generated>)
	at Steps.LoginSteps$$EnhancerByCGLIB$$c649809b$$FastClassByCGLIB$$d5a3323a.invoke(<generated>)
	at net.sf.cglib.proxy.MethodProxy.invokeSuper(MethodProxy.java:228)
	at net.thucydides.core.steps.BaseMethodRunner.invokeMethod(BaseMethodRunner.java:10)
	at net.thucydides.core.steps.NormalMethodRunner.invokeMethodAndNotifyFailures(NormalMethodRunner.java:20)
	at net.thucydides.core.steps.StepInterceptor.runNormalMethod(StepInterceptor.java:390)
	at net.thucydides.core.steps.StepInterceptor.testStepResult(StepInterceptor.java:161)
	at net.thucydides.core.steps.StepInterceptor.intercept(StepInterceptor.java:72)
	at Steps.LoginSteps$$EnhancerByCGLIB$$c649809b.ShouldLoginFailNotification(<generated>)
	at Test.Login.NotificationHuman(Login.java:44)

